Analysis & Synthesis report for lab2
Thu Oct 10 20:32:13 2024
Quartus II Version 9.1 Build 222 10/21/2009 SJ Web Edition


---------------------
; Table of Contents ;
---------------------
  1. Legal Notice
  2. Analysis & Synthesis Summary
  3. Analysis & Synthesis Settings
  4. Parallel Compilation
  5. Analysis & Synthesis Source Files Read
  6. Analysis & Synthesis Resource Usage Summary
  7. Analysis & Synthesis Resource Utilization by Entity
  8. General Register Statistics
  9. Source assignments for Block1:inst|lpm_counter0:inst|lpm_counter:lpm_counter_component
 10. Source assignments for Block2:inst1|lpm_counter1:inst4|lpm_counter:lpm_counter_component
 11. Source assignments for Block2:inst1|lpm_counter1:inst2|lpm_counter:lpm_counter_component
 12. Source assignments for Block3:inst4|lpm_counter2:inst|lpm_counter:lpm_counter_component
 13. Parameter Settings for User Entity Instance: Block1:inst|lpm_compare0:inst2|lpm_compare:lpm_compare_component
 14. Parameter Settings for User Entity Instance: Block1:inst|lpm_counter0:inst|lpm_counter:lpm_counter_component
 15. Parameter Settings for User Entity Instance: Block1:inst|lpm_compare1:inst6|lpm_compare:lpm_compare_component
 16. Parameter Settings for User Entity Instance: Block2:inst1|lpm_compare3:inst5|lpm_compare:lpm_compare_component
 17. Parameter Settings for User Entity Instance: Block2:inst1|lpm_counter1:inst4|lpm_counter:lpm_counter_component
 18. Parameter Settings for User Entity Instance: Block2:inst1|lpm_compare2:inst|lpm_compare:lpm_compare_component
 19. Parameter Settings for User Entity Instance: Block2:inst1|lpm_counter1:inst2|lpm_counter:lpm_counter_component
 20. Parameter Settings for User Entity Instance: Block3:inst4|lpm_decode0:inst1|lpm_decode:lpm_decode_component
 21. Parameter Settings for User Entity Instance: Block3:inst4|lpm_counter2:inst|lpm_counter:lpm_counter_component
 22. Analysis & Synthesis Messages



----------------
; Legal Notice ;
----------------
Copyright (C) 1991-2009 Altera Corporation
Your use of Altera Corporation's design tools, logic functions 
and other software and tools, and its AMPP partner logic 
functions, and any output files from any of the foregoing 
(including device programming or simulation files), and any 
associated documentation or information are expressly subject 
to the terms and conditions of the Altera Program License 
Subscription Agreement, Altera MegaCore Function License 
Agreement, or other applicable license agreement, including, 
without limitation, that your use is for the sole purpose of 
programming logic devices manufactured by Altera and sold by 
Altera or its authorized distributors.  Please refer to the 
applicable agreement for further details.



+-----------------------------------------------------------------------+
; Analysis & Synthesis Summary                                          ;
+-----------------------------+-----------------------------------------+
; Analysis & Synthesis Status ; Successful - Thu Oct 10 20:32:13 2024   ;
; Quartus II Version          ; 9.1 Build 222 10/21/2009 SJ Web Edition ;
; Revision Name               ; lab2                                    ;
; Top-level Entity Name       ; lab2                                    ;
; Family                      ; MAX II                                  ;
; Total logic elements        ; 38                                      ;
; Total pins                  ; 19                                      ;
; Total virtual pins          ; 0                                       ;
; UFM blocks                  ; 0 / 1 ( 0 % )                           ;
+-----------------------------+-----------------------------------------+


+----------------------------------------------------------------------------------------------------------------------+
; Analysis & Synthesis Settings                                                                                        ;
+----------------------------------------------------------------------------+--------------------+--------------------+
; Option                                                                     ; Setting            ; Default Value      ;
+----------------------------------------------------------------------------+--------------------+--------------------+
; Device                                                                     ; EPM570ZM256I8      ;                    ;
; Top-level entity name                                                      ; lab2               ; lab2               ;
; Family name                                                                ; MAX II             ; Stratix II         ;
; Use Generated Physical Constraints File                                    ; Off                ;                    ;
; Use smart compilation                                                      ; Off                ; Off                ;
; Enable parallel Assembler and TimeQuest Timing Analyzer during compilation ; On                 ; On                 ;
; Enable compact report table                                                ; Off                ; Off                ;
; Restructure Multiplexers                                                   ; Auto               ; Auto               ;
; Create Debugging Nodes for IP Cores                                        ; Off                ; Off                ;
; Preserve fewer node names                                                  ; On                 ; On                 ;
; Disable OpenCore Plus hardware evaluation                                  ; Off                ; Off                ;
; Verilog Version                                                            ; Verilog_2001       ; Verilog_2001       ;
; VHDL Version                                                               ; VHDL_1993          ; VHDL_1993          ;
; State Machine Processing                                                   ; Auto               ; Auto               ;
; Safe State Machine                                                         ; Off                ; Off                ;
; Extract Verilog State Machines                                             ; On                 ; On                 ;
; Extract VHDL State Machines                                                ; On                 ; On                 ;
; Ignore Verilog initial constructs                                          ; Off                ; Off                ;
; Iteration limit for constant Verilog loops                                 ; 5000               ; 5000               ;
; Iteration limit for non-constant Verilog loops                             ; 250                ; 250                ;
; Add Pass-Through Logic to Inferred RAMs                                    ; On                 ; On                 ;
; Parallel Synthesis                                                         ; On                 ; On                 ;
; NOT Gate Push-Back                                                         ; On                 ; On                 ;
; Power-Up Don't Care                                                        ; On                 ; On                 ;
; Remove Redundant Logic Cells                                               ; Off                ; Off                ;
; Remove Duplicate Registers                                                 ; On                 ; On                 ;
; Ignore CARRY Buffers                                                       ; Off                ; Off                ;
; Ignore CASCADE Buffers                                                     ; Off                ; Off                ;
; Ignore GLOBAL Buffers                                                      ; Off                ; Off                ;
; Ignore ROW GLOBAL Buffers                                                  ; Off                ; Off                ;
; Ignore LCELL Buffers                                                       ; Off                ; Off                ;
; Ignore SOFT Buffers                                                        ; On                 ; On                 ;
; Limit AHDL Integers to 32 Bits                                             ; Off                ; Off                ;
; Optimization Technique                                                     ; Balanced           ; Balanced           ;
; Carry Chain Length                                                         ; 70                 ; 70                 ;
; Auto Carry Chains                                                          ; On                 ; On                 ;
; Auto Open-Drain Pins                                                       ; On                 ; On                 ;
; Perform WYSIWYG Primitive Resynthesis                                      ; Off                ; Off                ;
; Auto Shift Register Replacement                                            ; Auto               ; Auto               ;
; Auto Clock Enable Replacement                                              ; On                 ; On                 ;
; Allow Synchronous Control Signals                                          ; On                 ; On                 ;
; Force Use of Synchronous Clear Signals                                     ; Off                ; Off                ;
; Auto Resource Sharing                                                      ; Off                ; Off                ;
; Use LogicLock Constraints during Resource Balancing                        ; On                 ; On                 ;
; Ignore translate_off and synthesis_off directives                          ; Off                ; Off                ;
; Show Parameter Settings Tables in Synthesis Report                         ; On                 ; On                 ;
; Ignore Maximum Fan-Out Assignments                                         ; Off                ; Off                ;
; Synchronization Register Chain Length                                      ; 2                  ; 2                  ;
; PowerPlay Power Optimization                                               ; Normal compilation ; Normal compilation ;
; HDL message level                                                          ; Level2             ; Level2             ;
; Suppress Register Optimization Related Messages                            ; Off                ; Off                ;
; Number of Removed Registers Reported in Synthesis Report                   ; 100                ; 100                ;
; Number of Inverted Registers Reported in Synthesis Report                  ; 100                ; 100                ;
; Clock MUX Protection                                                       ; On                 ; On                 ;
; Block Design Naming                                                        ; Auto               ; Auto               ;
; Synthesis Effort                                                           ; Auto               ; Auto               ;
; Shift Register Replacement - Allow Asynchronous Clear Signal               ; On                 ; On                 ;
; Analysis & Synthesis Message Level                                         ; Medium             ; Medium             ;
; Disable Register Merging Across Hierarchies                                ; Auto               ; Auto               ;
+----------------------------------------------------------------------------+--------------------+--------------------+


Parallel compilation was disabled, but you have multiple processors available. Enable parallel compilation to reduce compilation time.
+-------------------------------------+
; Parallel Compilation                ;
+----------------------------+--------+
; Processors                 ; Number ;
+----------------------------+--------+
; Number detected on machine ; 6      ;
; Maximum allowed            ; 1      ;
+----------------------------+--------+


+---------------------------------------------------------------------------------------------------------------------------------------------------------------+
; Analysis & Synthesis Source Files Read                                                                                                                        ;
+----------------------------------+-----------------+------------------------------------+---------------------------------------------------------------------+
; File Name with User-Entered Path ; Used in Netlist ; File Type                          ; File Name with Absolute Path                                        ;
+----------------------------------+-----------------+------------------------------------+---------------------------------------------------------------------+
; lpm_counter0.v                   ; yes             ; User Wizard-Generated File         ; C:/Users/mrxop/Desktop/ÑÈÔÎ/ËÀÁ2/ìîÿ/lpm_counter0.v                 ;
; lab2.bdf                         ; yes             ; User Block Diagram/Schematic File  ; C:/Users/mrxop/Desktop/ÑÈÔÎ/ËÀÁ2/ìîÿ/lab2.bdf                       ;
; lpm_compare0.v                   ; yes             ; User Wizard-Generated File         ; C:/Users/mrxop/Desktop/ÑÈÔÎ/ËÀÁ2/ìîÿ/lpm_compare0.v                 ;
; Block1.bdf                       ; yes             ; User Block Diagram/Schematic File  ; C:/Users/mrxop/Desktop/ÑÈÔÎ/ËÀÁ2/ìîÿ/Block1.bdf                     ;
; lpm_compare1.v                   ; yes             ; User Wizard-Generated File         ; C:/Users/mrxop/Desktop/ÑÈÔÎ/ËÀÁ2/ìîÿ/lpm_compare1.v                 ;
; lpm_compare2.v                   ; yes             ; User Wizard-Generated File         ; C:/Users/mrxop/Desktop/ÑÈÔÎ/ËÀÁ2/ìîÿ/lpm_compare2.v                 ;
; lpm_counter1.v                   ; yes             ; User Wizard-Generated File         ; C:/Users/mrxop/Desktop/ÑÈÔÎ/ËÀÁ2/ìîÿ/lpm_counter1.v                 ;
; lpm_compare3.v                   ; yes             ; User Wizard-Generated File         ; C:/Users/mrxop/Desktop/ÑÈÔÎ/ËÀÁ2/ìîÿ/lpm_compare3.v                 ;
; Block2.bdf                       ; yes             ; User Block Diagram/Schematic File  ; C:/Users/mrxop/Desktop/ÑÈÔÎ/ËÀÁ2/ìîÿ/Block2.bdf                     ;
; lpm_counter2.v                   ; yes             ; User Wizard-Generated File         ; C:/Users/mrxop/Desktop/ÑÈÔÎ/ËÀÁ2/ìîÿ/lpm_counter2.v                 ;
; lpm_decode0.v                    ; yes             ; User Wizard-Generated File         ; C:/Users/mrxop/Desktop/ÑÈÔÎ/ËÀÁ2/ìîÿ/lpm_decode0.v                  ;
; Block3.bdf                       ; yes             ; User Block Diagram/Schematic File  ; C:/Users/mrxop/Desktop/ÑÈÔÎ/ËÀÁ2/ìîÿ/Block3.bdf                     ;
; lpm_compare.tdf                  ; yes             ; Megafunction                       ; e:/programs/quartus/quartus/libraries/megafunctions/lpm_compare.tdf ;
; db/cmpr_9qi.tdf                  ; yes             ; Auto-Generated Megafunction        ; C:/Users/mrxop/Desktop/ÑÈÔÎ/ËÀÁ2/ìîÿ/db/cmpr_9qi.tdf                ;
; lpm_counter.tdf                  ; yes             ; Megafunction                       ; e:/programs/quartus/quartus/libraries/megafunctions/lpm_counter.tdf ;
; db/cntr_74i.tdf                  ; yes             ; Auto-Generated Megafunction        ; C:/Users/mrxop/Desktop/ÑÈÔÎ/ËÀÁ2/ìîÿ/db/cntr_74i.tdf                ;
; lpm_decode.tdf                   ; yes             ; Megafunction                       ; e:/programs/quartus/quartus/libraries/megafunctions/lpm_decode.tdf  ;
; db/decode_cff.tdf                ; yes             ; Auto-Generated Megafunction        ; C:/Users/mrxop/Desktop/ÑÈÔÎ/ËÀÁ2/ìîÿ/db/decode_cff.tdf              ;
; db/cntr_h7h.tdf                  ; yes             ; Auto-Generated Megafunction        ; C:/Users/mrxop/Desktop/ÑÈÔÎ/ËÀÁ2/ìîÿ/db/cntr_h7h.tdf                ;
+----------------------------------+-----------------+------------------------------------+---------------------------------------------------------------------+


+--------------------------------------------------------------------------------------------------------------------------------------------------+
; Analysis & Synthesis Resource Usage Summary                                                                                                      ;
+---------------------------------------------+----------------------------------------------------------------------------------------------------+
; Resource                                    ; Usage                                                                                              ;
+---------------------------------------------+----------------------------------------------------------------------------------------------------+
; Total logic elements                        ; 38                                                                                                 ;
;     -- Combinational with no register       ; 20                                                                                                 ;
;     -- Register only                        ; 0                                                                                                  ;
;     -- Combinational with a register        ; 18                                                                                                 ;
;                                             ;                                                                                                    ;
; Logic element usage by number of LUT inputs ;                                                                                                    ;
;     -- 4 input functions                    ; 20                                                                                                 ;
;     -- 3 input functions                    ; 0                                                                                                  ;
;     -- 2 input functions                    ; 12                                                                                                 ;
;     -- 1 input functions                    ; 6                                                                                                  ;
;     -- 0 input functions                    ; 0                                                                                                  ;
;                                             ;                                                                                                    ;
; Logic elements by mode                      ;                                                                                                    ;
;     -- normal mode                          ; 26                                                                                                 ;
;     -- arithmetic mode                      ; 12                                                                                                 ;
;     -- qfbk mode                            ; 0                                                                                                  ;
;     -- register cascade mode                ; 0                                                                                                  ;
;     -- synchronous clear/load mode          ; 0                                                                                                  ;
;     -- asynchronous clear/load mode         ; 14                                                                                                 ;
;                                             ;                                                                                                    ;
; Total registers                             ; 18                                                                                                 ;
; Total logic cells in carry chains           ; 16                                                                                                 ;
; I/O pins                                    ; 19                                                                                                 ;
; Maximum fan-out node                        ; Block3:inst4|lpm_counter2:inst|lpm_counter:lpm_counter_component|cntr_h7h:auto_generated|safe_q[0] ;
; Maximum fan-out                             ; 18                                                                                                 ;
; Total fan-out                               ; 160                                                                                                ;
; Average fan-out                             ; 2.81                                                                                               ;
+---------------------------------------------+----------------------------------------------------------------------------------------------------+


+--------------------------------------------------------------------------------------------------------------------------------------------------------------------------------------------------------------------------------------------------------------------------------------------------------------------+
; Analysis & Synthesis Resource Utilization by Entity                                                                                                                                                                                                                                                                ;
+----------------------------------------------+-------------+--------------+------------+------+--------------+--------------+-------------------+------------------+-----------------+------------+-------------------------------------------------------------------------------------------------+--------------+
; Compilation Hierarchy Node                   ; Logic Cells ; LC Registers ; UFM Blocks ; Pins ; Virtual Pins ; LUT-Only LCs ; Register-Only LCs ; LUT/Register LCs ; Carry Chain LCs ; Packed LCs ; Full Hierarchy Name                                                                             ; Library Name ;
+----------------------------------------------+-------------+--------------+------------+------+--------------+--------------+-------------------+------------------+-----------------+------------+-------------------------------------------------------------------------------------------------+--------------+
; |lab2                                        ; 38 (0)      ; 18           ; 0          ; 19   ; 0            ; 20 (0)       ; 0 (0)             ; 18 (0)           ; 16 (0)          ; 0 (0)      ; |lab2                                                                                           ; work         ;
;    |Block1:inst|                             ; 7 (1)       ; 5            ; 0          ; 0    ; 0            ; 2 (0)        ; 0 (0)             ; 5 (1)            ; 4 (0)           ; 0 (0)      ; |lab2|Block1:inst                                                                               ; work         ;
;       |lpm_compare0:inst2|                   ; 1 (0)       ; 0            ; 0          ; 0    ; 0            ; 1 (0)        ; 0 (0)             ; 0 (0)            ; 0 (0)           ; 0 (0)      ; |lab2|Block1:inst|lpm_compare0:inst2                                                            ; work         ;
;          |lpm_compare:lpm_compare_component| ; 1 (0)       ; 0            ; 0          ; 0    ; 0            ; 1 (0)        ; 0 (0)             ; 0 (0)            ; 0 (0)           ; 0 (0)      ; |lab2|Block1:inst|lpm_compare0:inst2|lpm_compare:lpm_compare_component                          ; work         ;
;             |cmpr_9qi:auto_generated|        ; 1 (1)       ; 0            ; 0          ; 0    ; 0            ; 1 (1)        ; 0 (0)             ; 0 (0)            ; 0 (0)           ; 0 (0)      ; |lab2|Block1:inst|lpm_compare0:inst2|lpm_compare:lpm_compare_component|cmpr_9qi:auto_generated  ; work         ;
;       |lpm_compare1:inst6|                   ; 1 (0)       ; 0            ; 0          ; 0    ; 0            ; 1 (0)        ; 0 (0)             ; 0 (0)            ; 0 (0)           ; 0 (0)      ; |lab2|Block1:inst|lpm_compare1:inst6                                                            ; work         ;
;          |lpm_compare:lpm_compare_component| ; 1 (0)       ; 0            ; 0          ; 0    ; 0            ; 1 (0)        ; 0 (0)             ; 0 (0)            ; 0 (0)           ; 0 (0)      ; |lab2|Block1:inst|lpm_compare1:inst6|lpm_compare:lpm_compare_component                          ; work         ;
;             |cmpr_9qi:auto_generated|        ; 1 (1)       ; 0            ; 0          ; 0    ; 0            ; 1 (1)        ; 0 (0)             ; 0 (0)            ; 0 (0)           ; 0 (0)      ; |lab2|Block1:inst|lpm_compare1:inst6|lpm_compare:lpm_compare_component|cmpr_9qi:auto_generated  ; work         ;
;       |lpm_counter0:inst|                    ; 4 (0)       ; 4            ; 0          ; 0    ; 0            ; 0 (0)        ; 0 (0)             ; 4 (0)            ; 4 (0)           ; 0 (0)      ; |lab2|Block1:inst|lpm_counter0:inst                                                             ; work         ;
;          |lpm_counter:lpm_counter_component| ; 4 (0)       ; 4            ; 0          ; 0    ; 0            ; 0 (0)        ; 0 (0)             ; 4 (0)            ; 4 (0)           ; 0 (0)      ; |lab2|Block1:inst|lpm_counter0:inst|lpm_counter:lpm_counter_component                           ; work         ;
;             |cntr_74i:auto_generated|        ; 4 (4)       ; 4            ; 0          ; 0    ; 0            ; 0 (0)        ; 0 (0)             ; 4 (4)            ; 4 (4)           ; 0 (0)      ; |lab2|Block1:inst|lpm_counter0:inst|lpm_counter:lpm_counter_component|cntr_74i:auto_generated   ; work         ;
;    |Block2:inst1|                            ; 11 (1)      ; 9            ; 0          ; 0    ; 0            ; 2 (0)        ; 0 (0)             ; 9 (1)            ; 8 (0)           ; 0 (0)      ; |lab2|Block2:inst1                                                                              ; work         ;
;       |lpm_compare2:inst|                    ; 1 (0)       ; 0            ; 0          ; 0    ; 0            ; 1 (0)        ; 0 (0)             ; 0 (0)            ; 0 (0)           ; 0 (0)      ; |lab2|Block2:inst1|lpm_compare2:inst                                                            ; work         ;
;          |lpm_compare:lpm_compare_component| ; 1 (0)       ; 0            ; 0          ; 0    ; 0            ; 1 (0)        ; 0 (0)             ; 0 (0)            ; 0 (0)           ; 0 (0)      ; |lab2|Block2:inst1|lpm_compare2:inst|lpm_compare:lpm_compare_component                          ; work         ;
;             |cmpr_9qi:auto_generated|        ; 1 (1)       ; 0            ; 0          ; 0    ; 0            ; 1 (1)        ; 0 (0)             ; 0 (0)            ; 0 (0)           ; 0 (0)      ; |lab2|Block2:inst1|lpm_compare2:inst|lpm_compare:lpm_compare_component|cmpr_9qi:auto_generated  ; work         ;
;       |lpm_compare3:inst5|                   ; 1 (0)       ; 0            ; 0          ; 0    ; 0            ; 1 (0)        ; 0 (0)             ; 0 (0)            ; 0 (0)           ; 0 (0)      ; |lab2|Block2:inst1|lpm_compare3:inst5                                                           ; work         ;
;          |lpm_compare:lpm_compare_component| ; 1 (0)       ; 0            ; 0          ; 0    ; 0            ; 1 (0)        ; 0 (0)             ; 0 (0)            ; 0 (0)           ; 0 (0)      ; |lab2|Block2:inst1|lpm_compare3:inst5|lpm_compare:lpm_compare_component                         ; work         ;
;             |cmpr_9qi:auto_generated|        ; 1 (1)       ; 0            ; 0          ; 0    ; 0            ; 1 (1)        ; 0 (0)             ; 0 (0)            ; 0 (0)           ; 0 (0)      ; |lab2|Block2:inst1|lpm_compare3:inst5|lpm_compare:lpm_compare_component|cmpr_9qi:auto_generated ; work         ;
;       |lpm_counter1:inst2|                   ; 4 (0)       ; 4            ; 0          ; 0    ; 0            ; 0 (0)        ; 0 (0)             ; 4 (0)            ; 4 (0)           ; 0 (0)      ; |lab2|Block2:inst1|lpm_counter1:inst2                                                           ; work         ;
;          |lpm_counter:lpm_counter_component| ; 4 (0)       ; 4            ; 0          ; 0    ; 0            ; 0 (0)        ; 0 (0)             ; 4 (0)            ; 4 (0)           ; 0 (0)      ; |lab2|Block2:inst1|lpm_counter1:inst2|lpm_counter:lpm_counter_component                         ; work         ;
;             |cntr_74i:auto_generated|        ; 4 (4)       ; 4            ; 0          ; 0    ; 0            ; 0 (0)        ; 0 (0)             ; 4 (4)            ; 4 (4)           ; 0 (0)      ; |lab2|Block2:inst1|lpm_counter1:inst2|lpm_counter:lpm_counter_component|cntr_74i:auto_generated ; work         ;
;       |lpm_counter1:inst4|                   ; 4 (0)       ; 4            ; 0          ; 0    ; 0            ; 0 (0)        ; 0 (0)             ; 4 (0)            ; 4 (0)           ; 0 (0)      ; |lab2|Block2:inst1|lpm_counter1:inst4                                                           ; work         ;
;          |lpm_counter:lpm_counter_component| ; 4 (0)       ; 4            ; 0          ; 0    ; 0            ; 0 (0)        ; 0 (0)             ; 4 (0)            ; 4 (0)           ; 0 (0)      ; |lab2|Block2:inst1|lpm_counter1:inst4|lpm_counter:lpm_counter_component                         ; work         ;
;             |cntr_74i:auto_generated|        ; 4 (4)       ; 4            ; 0          ; 0    ; 0            ; 0 (0)        ; 0 (0)             ; 4 (4)            ; 4 (4)           ; 0 (0)      ; |lab2|Block2:inst1|lpm_counter1:inst4|lpm_counter:lpm_counter_component|cntr_74i:auto_generated ; work         ;
;    |Block3:inst4|                            ; 20 (0)      ; 4            ; 0          ; 0    ; 0            ; 16 (0)       ; 0 (0)             ; 4 (0)            ; 4 (0)           ; 0 (0)      ; |lab2|Block3:inst4                                                                              ; work         ;
;       |lpm_counter2:inst|                    ; 4 (0)       ; 4            ; 0          ; 0    ; 0            ; 0 (0)        ; 0 (0)             ; 4 (0)            ; 4 (0)           ; 0 (0)      ; |lab2|Block3:inst4|lpm_counter2:inst                                                            ; work         ;
;          |lpm_counter:lpm_counter_component| ; 4 (0)       ; 4            ; 0          ; 0    ; 0            ; 0 (0)        ; 0 (0)             ; 4 (0)            ; 4 (0)           ; 0 (0)      ; |lab2|Block3:inst4|lpm_counter2:inst|lpm_counter:lpm_counter_component                          ; work         ;
;             |cntr_h7h:auto_generated|        ; 4 (4)       ; 4            ; 0          ; 0    ; 0            ; 0 (0)        ; 0 (0)             ; 4 (4)            ; 4 (4)           ; 0 (0)      ; |lab2|Block3:inst4|lpm_counter2:inst|lpm_counter:lpm_counter_component|cntr_h7h:auto_generated  ; work         ;
;       |lpm_decode0:inst1|                    ; 16 (0)      ; 0            ; 0          ; 0    ; 0            ; 16 (0)       ; 0 (0)             ; 0 (0)            ; 0 (0)           ; 0 (0)      ; |lab2|Block3:inst4|lpm_decode0:inst1                                                            ; work         ;
;          |lpm_decode:lpm_decode_component|   ; 16 (0)      ; 0            ; 0          ; 0    ; 0            ; 16 (0)       ; 0 (0)             ; 0 (0)            ; 0 (0)           ; 0 (0)      ; |lab2|Block3:inst4|lpm_decode0:inst1|lpm_decode:lpm_decode_component                            ; work         ;
;             |decode_cff:auto_generated|      ; 16 (16)     ; 0            ; 0          ; 0    ; 0            ; 16 (16)      ; 0 (0)             ; 0 (0)            ; 0 (0)           ; 0 (0)      ; |lab2|Block3:inst4|lpm_decode0:inst1|lpm_decode:lpm_decode_component|decode_cff:auto_generated  ; work         ;
+----------------------------------------------+-------------+--------------+------------+------+--------------+--------------+-------------------+------------------+-----------------+------------+-------------------------------------------------------------------------------------------------+--------------+
Note: For table entries with two numbers listed, the numbers in parentheses indicate the number of resources of the given type used by the specific entity alone. The numbers listed outside of parentheses indicate the total resources of the given type used by the specific entity and all of its sub-entities in the hierarchy.


+------------------------------------------------------+
; General Register Statistics                          ;
+----------------------------------------------+-------+
; Statistic                                    ; Value ;
+----------------------------------------------+-------+
; Total registers                              ; 18    ;
; Number of registers using Synchronous Clear  ; 0     ;
; Number of registers using Synchronous Load   ; 0     ;
; Number of registers using Asynchronous Clear ; 14    ;
; Number of registers using Asynchronous Load  ; 0     ;
; Number of registers using Clock Enable       ; 0     ;
; Number of registers using Preset             ; 0     ;
+----------------------------------------------+-------+


+----------------------------------------------------------------------------------------+
; Source assignments for Block1:inst|lpm_counter0:inst|lpm_counter:lpm_counter_component ;
+---------------------------+-------+------+---------------------------------------------+
; Assignment                ; Value ; From ; To                                          ;
+---------------------------+-------+------+---------------------------------------------+
; SUPPRESS_DA_RULE_INTERNAL ; a101  ; -    ; -                                           ;
; SUPPRESS_DA_RULE_INTERNAL ; s102  ; -    ; -                                           ;
; SUPPRESS_DA_RULE_INTERNAL ; s103  ; -    ; -                                           ;
+---------------------------+-------+------+---------------------------------------------+


+------------------------------------------------------------------------------------------+
; Source assignments for Block2:inst1|lpm_counter1:inst4|lpm_counter:lpm_counter_component ;
+---------------------------+-------+------+-----------------------------------------------+
; Assignment                ; Value ; From ; To                                            ;
+---------------------------+-------+------+-----------------------------------------------+
; SUPPRESS_DA_RULE_INTERNAL ; a101  ; -    ; -                                             ;
; SUPPRESS_DA_RULE_INTERNAL ; s102  ; -    ; -                                             ;
; SUPPRESS_DA_RULE_INTERNAL ; s103  ; -    ; -                                             ;
+---------------------------+-------+------+-----------------------------------------------+


+------------------------------------------------------------------------------------------+
; Source assignments for Block2:inst1|lpm_counter1:inst2|lpm_counter:lpm_counter_component ;
+---------------------------+-------+------+-----------------------------------------------+
; Assignment                ; Value ; From ; To                                            ;
+---------------------------+-------+------+-----------------------------------------------+
; SUPPRESS_DA_RULE_INTERNAL ; a101  ; -    ; -                                             ;
; SUPPRESS_DA_RULE_INTERNAL ; s102  ; -    ; -                                             ;
; SUPPRESS_DA_RULE_INTERNAL ; s103  ; -    ; -                                             ;
+---------------------------+-------+------+-----------------------------------------------+


+-----------------------------------------------------------------------------------------+
; Source assignments for Block3:inst4|lpm_counter2:inst|lpm_counter:lpm_counter_component ;
+---------------------------+-------+------+----------------------------------------------+
; Assignment                ; Value ; From ; To                                           ;
+---------------------------+-------+------+----------------------------------------------+
; SUPPRESS_DA_RULE_INTERNAL ; a101  ; -    ; -                                            ;
; SUPPRESS_DA_RULE_INTERNAL ; s102  ; -    ; -                                            ;
; SUPPRESS_DA_RULE_INTERNAL ; s103  ; -    ; -                                            ;
+---------------------------+-------+------+----------------------------------------------+


+---------------------------------------------------------------------------------------------------------------+
; Parameter Settings for User Entity Instance: Block1:inst|lpm_compare0:inst2|lpm_compare:lpm_compare_component ;
+------------------------+----------+---------------------------------------------------------------------------+
; Parameter Name         ; Value    ; Type                                                                      ;
+------------------------+----------+---------------------------------------------------------------------------+
; lpm_width              ; 4        ; Signed Integer                                                            ;
; LPM_REPRESENTATION     ; UNSIGNED ; Untyped                                                                   ;
; LPM_PIPELINE           ; 0        ; Untyped                                                                   ;
; CHAIN_SIZE             ; 8        ; Untyped                                                                   ;
; ONE_INPUT_IS_CONSTANT  ; YES      ; Untyped                                                                   ;
; CARRY_CHAIN            ; MANUAL   ; Untyped                                                                   ;
; CASCADE_CHAIN          ; MANUAL   ; Untyped                                                                   ;
; CARRY_CHAIN_LENGTH     ; 48       ; CARRY_CHAIN_LENGTH                                                        ;
; CASCADE_CHAIN_LENGTH   ; 2        ; CASCADE_CHAIN_LENGTH                                                      ;
; DEVICE_FAMILY          ; MAX II   ; Untyped                                                                   ;
; CBXI_PARAMETER         ; cmpr_9qi ; Untyped                                                                   ;
; AUTO_CARRY_CHAINS      ; ON       ; AUTO_CARRY                                                                ;
; IGNORE_CARRY_BUFFERS   ; OFF      ; IGNORE_CARRY                                                              ;
; AUTO_CASCADE_CHAINS    ; ON       ; AUTO_CASCADE                                                              ;
; IGNORE_CASCADE_BUFFERS ; OFF      ; IGNORE_CASCADE                                                            ;
+------------------------+----------+---------------------------------------------------------------------------+
Note: In order to hide this table in the UI and the text report file, please set the "Show Parameter Settings Tables in Synthesis Report" option in "Analysis and Synthesis Settings -> More Settings" to "Off".


+--------------------------------------------------------------------------------------------------------------+
; Parameter Settings for User Entity Instance: Block1:inst|lpm_counter0:inst|lpm_counter:lpm_counter_component ;
+------------------------+-------------+-----------------------------------------------------------------------+
; Parameter Name         ; Value       ; Type                                                                  ;
+------------------------+-------------+-----------------------------------------------------------------------+
; AUTO_CARRY_CHAINS      ; ON          ; AUTO_CARRY                                                            ;
; IGNORE_CARRY_BUFFERS   ; OFF         ; IGNORE_CARRY                                                          ;
; AUTO_CASCADE_CHAINS    ; ON          ; AUTO_CASCADE                                                          ;
; IGNORE_CASCADE_BUFFERS ; OFF         ; IGNORE_CASCADE                                                        ;
; LPM_WIDTH              ; 4           ; Signed Integer                                                        ;
; LPM_DIRECTION          ; UP          ; Untyped                                                               ;
; LPM_MODULUS            ; 0           ; Untyped                                                               ;
; LPM_AVALUE             ; UNUSED      ; Untyped                                                               ;
; LPM_SVALUE             ; UNUSED      ; Untyped                                                               ;
; LPM_PORT_UPDOWN        ; PORT_UNUSED ; Untyped                                                               ;
; DEVICE_FAMILY          ; MAX II      ; Untyped                                                               ;
; CARRY_CHAIN            ; MANUAL      ; Untyped                                                               ;
; CARRY_CHAIN_LENGTH     ; 48          ; CARRY_CHAIN_LENGTH                                                    ;
; NOT_GATE_PUSH_BACK     ; ON          ; NOT_GATE_PUSH_BACK                                                    ;
; CARRY_CNT_EN           ; SMART       ; Untyped                                                               ;
; LABWIDE_SCLR           ; ON          ; Untyped                                                               ;
; USE_NEW_VERSION        ; TRUE        ; Untyped                                                               ;
; CBXI_PARAMETER         ; cntr_74i    ; Untyped                                                               ;
+------------------------+-------------+-----------------------------------------------------------------------+
Note: In order to hide this table in the UI and the text report file, please set the "Show Parameter Settings Tables in Synthesis Report" option in "Analysis and Synthesis Settings -> More Settings" to "Off".


+---------------------------------------------------------------------------------------------------------------+
; Parameter Settings for User Entity Instance: Block1:inst|lpm_compare1:inst6|lpm_compare:lpm_compare_component ;
+------------------------+----------+---------------------------------------------------------------------------+
; Parameter Name         ; Value    ; Type                                                                      ;
+------------------------+----------+---------------------------------------------------------------------------+
; lpm_width              ; 4        ; Signed Integer                                                            ;
; LPM_REPRESENTATION     ; UNSIGNED ; Untyped                                                                   ;
; LPM_PIPELINE           ; 0        ; Untyped                                                                   ;
; CHAIN_SIZE             ; 8        ; Untyped                                                                   ;
; ONE_INPUT_IS_CONSTANT  ; YES      ; Untyped                                                                   ;
; CARRY_CHAIN            ; MANUAL   ; Untyped                                                                   ;
; CASCADE_CHAIN          ; MANUAL   ; Untyped                                                                   ;
; CARRY_CHAIN_LENGTH     ; 48       ; CARRY_CHAIN_LENGTH                                                        ;
; CASCADE_CHAIN_LENGTH   ; 2        ; CASCADE_CHAIN_LENGTH                                                      ;
; DEVICE_FAMILY          ; MAX II   ; Untyped                                                                   ;
; CBXI_PARAMETER         ; cmpr_9qi ; Untyped                                                                   ;
; AUTO_CARRY_CHAINS      ; ON       ; AUTO_CARRY                                                                ;
; IGNORE_CARRY_BUFFERS   ; OFF      ; IGNORE_CARRY                                                              ;
; AUTO_CASCADE_CHAINS    ; ON       ; AUTO_CASCADE                                                              ;
; IGNORE_CASCADE_BUFFERS ; OFF      ; IGNORE_CASCADE                                                            ;
+------------------------+----------+---------------------------------------------------------------------------+
Note: In order to hide this table in the UI and the text report file, please set the "Show Parameter Settings Tables in Synthesis Report" option in "Analysis and Synthesis Settings -> More Settings" to "Off".


+----------------------------------------------------------------------------------------------------------------+
; Parameter Settings for User Entity Instance: Block2:inst1|lpm_compare3:inst5|lpm_compare:lpm_compare_component ;
+------------------------+----------+----------------------------------------------------------------------------+
; Parameter Name         ; Value    ; Type                                                                       ;
+------------------------+----------+----------------------------------------------------------------------------+
; lpm_width              ; 4        ; Signed Integer                                                             ;
; LPM_REPRESENTATION     ; UNSIGNED ; Untyped                                                                    ;
; LPM_PIPELINE           ; 0        ; Untyped                                                                    ;
; CHAIN_SIZE             ; 8        ; Untyped                                                                    ;
; ONE_INPUT_IS_CONSTANT  ; YES      ; Untyped                                                                    ;
; CARRY_CHAIN            ; MANUAL   ; Untyped                                                                    ;
; CASCADE_CHAIN          ; MANUAL   ; Untyped                                                                    ;
; CARRY_CHAIN_LENGTH     ; 48       ; CARRY_CHAIN_LENGTH                                                         ;
; CASCADE_CHAIN_LENGTH   ; 2        ; CASCADE_CHAIN_LENGTH                                                       ;
; DEVICE_FAMILY          ; MAX II   ; Untyped                                                                    ;
; CBXI_PARAMETER         ; cmpr_9qi ; Untyped                                                                    ;
; AUTO_CARRY_CHAINS      ; ON       ; AUTO_CARRY                                                                 ;
; IGNORE_CARRY_BUFFERS   ; OFF      ; IGNORE_CARRY                                                               ;
; AUTO_CASCADE_CHAINS    ; ON       ; AUTO_CASCADE                                                               ;
; IGNORE_CASCADE_BUFFERS ; OFF      ; IGNORE_CASCADE                                                             ;
+------------------------+----------+----------------------------------------------------------------------------+
Note: In order to hide this table in the UI and the text report file, please set the "Show Parameter Settings Tables in Synthesis Report" option in "Analysis and Synthesis Settings -> More Settings" to "Off".


+----------------------------------------------------------------------------------------------------------------+
; Parameter Settings for User Entity Instance: Block2:inst1|lpm_counter1:inst4|lpm_counter:lpm_counter_component ;
+------------------------+-------------+-------------------------------------------------------------------------+
; Parameter Name         ; Value       ; Type                                                                    ;
+------------------------+-------------+-------------------------------------------------------------------------+
; AUTO_CARRY_CHAINS      ; ON          ; AUTO_CARRY                                                              ;
; IGNORE_CARRY_BUFFERS   ; OFF         ; IGNORE_CARRY                                                            ;
; AUTO_CASCADE_CHAINS    ; ON          ; AUTO_CASCADE                                                            ;
; IGNORE_CASCADE_BUFFERS ; OFF         ; IGNORE_CASCADE                                                          ;
; LPM_WIDTH              ; 4           ; Signed Integer                                                          ;
; LPM_DIRECTION          ; UP          ; Untyped                                                                 ;
; LPM_MODULUS            ; 0           ; Untyped                                                                 ;
; LPM_AVALUE             ; UNUSED      ; Untyped                                                                 ;
; LPM_SVALUE             ; UNUSED      ; Untyped                                                                 ;
; LPM_PORT_UPDOWN        ; PORT_UNUSED ; Untyped                                                                 ;
; DEVICE_FAMILY          ; MAX II      ; Untyped                                                                 ;
; CARRY_CHAIN            ; MANUAL      ; Untyped                                                                 ;
; CARRY_CHAIN_LENGTH     ; 48          ; CARRY_CHAIN_LENGTH                                                      ;
; NOT_GATE_PUSH_BACK     ; ON          ; NOT_GATE_PUSH_BACK                                                      ;
; CARRY_CNT_EN           ; SMART       ; Untyped                                                                 ;
; LABWIDE_SCLR           ; ON          ; Untyped                                                                 ;
; USE_NEW_VERSION        ; TRUE        ; Untyped                                                                 ;
; CBXI_PARAMETER         ; cntr_74i    ; Untyped                                                                 ;
+------------------------+-------------+-------------------------------------------------------------------------+
Note: In order to hide this table in the UI and the text report file, please set the "Show Parameter Settings Tables in Synthesis Report" option in "Analysis and Synthesis Settings -> More Settings" to "Off".


+---------------------------------------------------------------------------------------------------------------+
; Parameter Settings for User Entity Instance: Block2:inst1|lpm_compare2:inst|lpm_compare:lpm_compare_component ;
+------------------------+----------+---------------------------------------------------------------------------+
; Parameter Name         ; Value    ; Type                                                                      ;
+------------------------+----------+---------------------------------------------------------------------------+
; lpm_width              ; 4        ; Signed Integer                                                            ;
; LPM_REPRESENTATION     ; UNSIGNED ; Untyped                                                                   ;
; LPM_PIPELINE           ; 0        ; Untyped                                                                   ;
; CHAIN_SIZE             ; 8        ; Untyped                                                                   ;
; ONE_INPUT_IS_CONSTANT  ; YES      ; Untyped                                                                   ;
; CARRY_CHAIN            ; MANUAL   ; Untyped                                                                   ;
; CASCADE_CHAIN          ; MANUAL   ; Untyped                                                                   ;
; CARRY_CHAIN_LENGTH     ; 48       ; CARRY_CHAIN_LENGTH                                                        ;
; CASCADE_CHAIN_LENGTH   ; 2        ; CASCADE_CHAIN_LENGTH                                                      ;
; DEVICE_FAMILY          ; MAX II   ; Untyped                                                                   ;
; CBXI_PARAMETER         ; cmpr_9qi ; Untyped                                                                   ;
; AUTO_CARRY_CHAINS      ; ON       ; AUTO_CARRY                                                                ;
; IGNORE_CARRY_BUFFERS   ; OFF      ; IGNORE_CARRY                                                              ;
; AUTO_CASCADE_CHAINS    ; ON       ; AUTO_CASCADE                                                              ;
; IGNORE_CASCADE_BUFFERS ; OFF      ; IGNORE_CASCADE                                                            ;
+------------------------+----------+---------------------------------------------------------------------------+
Note: In order to hide this table in the UI and the text report file, please set the "Show Parameter Settings Tables in Synthesis Report" option in "Analysis and Synthesis Settings -> More Settings" to "Off".


+----------------------------------------------------------------------------------------------------------------+
; Parameter Settings for User Entity Instance: Block2:inst1|lpm_counter1:inst2|lpm_counter:lpm_counter_component ;
+------------------------+-------------+-------------------------------------------------------------------------+
; Parameter Name         ; Value       ; Type                                                                    ;
+------------------------+-------------+-------------------------------------------------------------------------+
; AUTO_CARRY_CHAINS      ; ON          ; AUTO_CARRY                                                              ;
; IGNORE_CARRY_BUFFERS   ; OFF         ; IGNORE_CARRY                                                            ;
; AUTO_CASCADE_CHAINS    ; ON          ; AUTO_CASCADE                                                            ;
; IGNORE_CASCADE_BUFFERS ; OFF         ; IGNORE_CASCADE                                                          ;
; LPM_WIDTH              ; 4           ; Signed Integer                                                          ;
; LPM_DIRECTION          ; UP          ; Untyped                                                                 ;
; LPM_MODULUS            ; 0           ; Untyped                                                                 ;
; LPM_AVALUE             ; UNUSED      ; Untyped                                                                 ;
; LPM_SVALUE             ; UNUSED      ; Untyped                                                                 ;
; LPM_PORT_UPDOWN        ; PORT_UNUSED ; Untyped                                                                 ;
; DEVICE_FAMILY          ; MAX II      ; Untyped                                                                 ;
; CARRY_CHAIN            ; MANUAL      ; Untyped                                                                 ;
; CARRY_CHAIN_LENGTH     ; 48          ; CARRY_CHAIN_LENGTH                                                      ;
; NOT_GATE_PUSH_BACK     ; ON          ; NOT_GATE_PUSH_BACK                                                      ;
; CARRY_CNT_EN           ; SMART       ; Untyped                                                                 ;
; LABWIDE_SCLR           ; ON          ; Untyped                                                                 ;
; USE_NEW_VERSION        ; TRUE        ; Untyped                                                                 ;
; CBXI_PARAMETER         ; cntr_74i    ; Untyped                                                                 ;
+------------------------+-------------+-------------------------------------------------------------------------+
Note: In order to hide this table in the UI and the text report file, please set the "Show Parameter Settings Tables in Synthesis Report" option in "Analysis and Synthesis Settings -> More Settings" to "Off".


+-------------------------------------------------------------------------------------------------------------+
; Parameter Settings for User Entity Instance: Block3:inst4|lpm_decode0:inst1|lpm_decode:lpm_decode_component ;
+------------------------+------------+-----------------------------------------------------------------------+
; Parameter Name         ; Value      ; Type                                                                  ;
+------------------------+------------+-----------------------------------------------------------------------+
; LPM_WIDTH              ; 4          ; Signed Integer                                                        ;
; LPM_DECODES            ; 16         ; Signed Integer                                                        ;
; LPM_PIPELINE           ; 0          ; Untyped                                                               ;
; CASCADE_CHAIN          ; MANUAL     ; Untyped                                                               ;
; DEVICE_FAMILY          ; MAX II     ; Untyped                                                               ;
; CBXI_PARAMETER         ; decode_cff ; Untyped                                                               ;
; AUTO_CARRY_CHAINS      ; ON         ; AUTO_CARRY                                                            ;
; IGNORE_CARRY_BUFFERS   ; OFF        ; IGNORE_CARRY                                                          ;
; AUTO_CASCADE_CHAINS    ; ON         ; AUTO_CASCADE                                                          ;
; IGNORE_CASCADE_BUFFERS ; OFF        ; IGNORE_CASCADE                                                        ;
+------------------------+------------+-----------------------------------------------------------------------+
Note: In order to hide this table in the UI and the text report file, please set the "Show Parameter Settings Tables in Synthesis Report" option in "Analysis and Synthesis Settings -> More Settings" to "Off".


+---------------------------------------------------------------------------------------------------------------+
; Parameter Settings for User Entity Instance: Block3:inst4|lpm_counter2:inst|lpm_counter:lpm_counter_component ;
+------------------------+-------------+------------------------------------------------------------------------+
; Parameter Name         ; Value       ; Type                                                                   ;
+------------------------+-------------+------------------------------------------------------------------------+
; AUTO_CARRY_CHAINS      ; ON          ; AUTO_CARRY                                                             ;
; IGNORE_CARRY_BUFFERS   ; OFF         ; IGNORE_CARRY                                                           ;
; AUTO_CASCADE_CHAINS    ; ON          ; AUTO_CASCADE                                                           ;
; IGNORE_CASCADE_BUFFERS ; OFF         ; IGNORE_CASCADE                                                         ;
; LPM_WIDTH              ; 4           ; Signed Integer                                                         ;
; LPM_DIRECTION          ; UP          ; Untyped                                                                ;
; LPM_MODULUS            ; 0           ; Untyped                                                                ;
; LPM_AVALUE             ; UNUSED      ; Untyped                                                                ;
; LPM_SVALUE             ; UNUSED      ; Untyped                                                                ;
; LPM_PORT_UPDOWN        ; PORT_UNUSED ; Untyped                                                                ;
; DEVICE_FAMILY          ; MAX II      ; Untyped                                                                ;
; CARRY_CHAIN            ; MANUAL      ; Untyped                                                                ;
; CARRY_CHAIN_LENGTH     ; 48          ; CARRY_CHAIN_LENGTH                                                     ;
; NOT_GATE_PUSH_BACK     ; ON          ; NOT_GATE_PUSH_BACK                                                     ;
; CARRY_CNT_EN           ; SMART       ; Untyped                                                                ;
; LABWIDE_SCLR           ; ON          ; Untyped                                                                ;
; USE_NEW_VERSION        ; TRUE        ; Untyped                                                                ;
; CBXI_PARAMETER         ; cntr_h7h    ; Untyped                                                                ;
+------------------------+-------------+------------------------------------------------------------------------+
Note: In order to hide this table in the UI and the text report file, please set the "Show Parameter Settings Tables in Synthesis Report" option in "Analysis and Synthesis Settings -> More Settings" to "Off".


+-------------------------------+
; Analysis & Synthesis Messages ;
+-------------------------------+
Info: *******************************************************************
Info: Running Quartus II Analysis & Synthesis
    Info: Version 9.1 Build 222 10/21/2009 SJ Web Edition
    Info: Processing started: Thu Oct 10 20:32:12 2024
Info: Command: quartus_map --read_settings_files=on --write_settings_files=off lab2 -c lab2
Info: Found 1 design units, including 1 entities, in source file lpm_counter0.v
    Info: Found entity 1: lpm_counter0
Info: Found 1 design units, including 1 entities, in source file lab2.bdf
    Info: Found entity 1: lab2
Info: Found 1 design units, including 1 entities, in source file lpm_compare0.v
    Info: Found entity 1: lpm_compare0
Info: Found 1 design units, including 1 entities, in source file block1.bdf
    Info: Found entity 1: Block1
Info: Found 1 design units, including 1 entities, in source file lpm_compare1.v
    Info: Found entity 1: lpm_compare1
Info: Found 1 design units, including 1 entities, in source file lpm_compare2.v
    Info: Found entity 1: lpm_compare2
Info: Found 1 design units, including 1 entities, in source file lpm_counter1.v
    Info: Found entity 1: lpm_counter1
Info: Found 1 design units, including 1 entities, in source file lpm_compare3.v
    Info: Found entity 1: lpm_compare3
Info: Found 1 design units, including 1 entities, in source file block2.bdf
    Info: Found entity 1: Block2
Info: Found 1 design units, including 1 entities, in source file lpm_counter2.v
    Info: Found entity 1: lpm_counter2
Info: Found 1 design units, including 1 entities, in source file lpm_decode0.v
    Info: Found entity 1: lpm_decode0
Info: Found 1 design units, including 1 entities, in source file block3.bdf
    Info: Found entity 1: Block3
Info: Elaborating entity "lab2" for the top level hierarchy
Info: Elaborating entity "Block1" for hierarchy "Block1:inst"
Info: Elaborating entity "lpm_compare0" for hierarchy "Block1:inst|lpm_compare0:inst2"
Info: Elaborating entity "lpm_compare" for hierarchy "Block1:inst|lpm_compare0:inst2|lpm_compare:lpm_compare_component"
Info: Elaborated megafunction instantiation "Block1:inst|lpm_compare0:inst2|lpm_compare:lpm_compare_component"
Info: Instantiated megafunction "Block1:inst|lpm_compare0:inst2|lpm_compare:lpm_compare_component" with the following parameter:
    Info: Parameter "lpm_hint" = "ONE_INPUT_IS_CONSTANT=YES"
    Info: Parameter "lpm_representation" = "UNSIGNED"
    Info: Parameter "lpm_type" = "LPM_COMPARE"
    Info: Parameter "lpm_width" = "4"
Info: Found 1 design units, including 1 entities, in source file db/cmpr_9qi.tdf
    Info: Found entity 1: cmpr_9qi
Info: Elaborating entity "cmpr_9qi" for hierarchy "Block1:inst|lpm_compare0:inst2|lpm_compare:lpm_compare_component|cmpr_9qi:auto_generated"
Info: Elaborating entity "lpm_counter0" for hierarchy "Block1:inst|lpm_counter0:inst"
Info: Elaborating entity "lpm_counter" for hierarchy "Block1:inst|lpm_counter0:inst|lpm_counter:lpm_counter_component"
Info: Elaborated megafunction instantiation "Block1:inst|lpm_counter0:inst|lpm_counter:lpm_counter_component"
Info: Instantiated megafunction "Block1:inst|lpm_counter0:inst|lpm_counter:lpm_counter_component" with the following parameter:
    Info: Parameter "lpm_direction" = "UP"
    Info: Parameter "lpm_port_updown" = "PORT_UNUSED"
    Info: Parameter "lpm_type" = "LPM_COUNTER"
    Info: Parameter "lpm_width" = "4"
Info: Found 1 design units, including 1 entities, in source file db/cntr_74i.tdf
    Info: Found entity 1: cntr_74i
Info: Elaborating entity "cntr_74i" for hierarchy "Block1:inst|lpm_counter0:inst|lpm_counter:lpm_counter_component|cntr_74i:auto_generated"
Info: Elaborating entity "lpm_compare1" for hierarchy "Block1:inst|lpm_compare1:inst6"
Info: Elaborating entity "Block2" for hierarchy "Block2:inst1"
Info: Elaborating entity "lpm_compare3" for hierarchy "Block2:inst1|lpm_compare3:inst5"
Info: Elaborating entity "lpm_counter1" for hierarchy "Block2:inst1|lpm_counter1:inst4"
Info: Elaborating entity "lpm_compare2" for hierarchy "Block2:inst1|lpm_compare2:inst"
Info: Elaborating entity "Block3" for hierarchy "Block3:inst4"
Info: Elaborating entity "lpm_decode0" for hierarchy "Block3:inst4|lpm_decode0:inst1"
Info: Elaborating entity "lpm_decode" for hierarchy "Block3:inst4|lpm_decode0:inst1|lpm_decode:lpm_decode_component"
Info: Elaborated megafunction instantiation "Block3:inst4|lpm_decode0:inst1|lpm_decode:lpm_decode_component"
Info: Instantiated megafunction "Block3:inst4|lpm_decode0:inst1|lpm_decode:lpm_decode_component" with the following parameter:
    Info: Parameter "lpm_decodes" = "16"
    Info: Parameter "lpm_type" = "LPM_DECODE"
    Info: Parameter "lpm_width" = "4"
Info: Found 1 design units, including 1 entities, in source file db/decode_cff.tdf
    Info: Found entity 1: decode_cff
Info: Elaborating entity "decode_cff" for hierarchy "Block3:inst4|lpm_decode0:inst1|lpm_decode:lpm_decode_component|decode_cff:auto_generated"
Info: Elaborating entity "lpm_counter2" for hierarchy "Block3:inst4|lpm_counter2:inst"
Info: Elaborating entity "lpm_counter" for hierarchy "Block3:inst4|lpm_counter2:inst|lpm_counter:lpm_counter_component"
Info: Elaborated megafunction instantiation "Block3:inst4|lpm_counter2:inst|lpm_counter:lpm_counter_component"
Info: Instantiated megafunction "Block3:inst4|lpm_counter2:inst|lpm_counter:lpm_counter_component" with the following parameter:
    Info: Parameter "lpm_direction" = "UP"
    Info: Parameter "lpm_port_updown" = "PORT_UNUSED"
    Info: Parameter "lpm_type" = "LPM_COUNTER"
    Info: Parameter "lpm_width" = "4"
Info: Found 1 design units, including 1 entities, in source file db/cntr_h7h.tdf
    Info: Found entity 1: cntr_h7h
Info: Elaborating entity "cntr_h7h" for hierarchy "Block3:inst4|lpm_counter2:inst|lpm_counter:lpm_counter_component|cntr_h7h:auto_generated"
Info: Implemented 57 device resources after synthesis - the final resource count might be different
    Info: Implemented 1 input pins
    Info: Implemented 18 output pins
    Info: Implemented 38 logic cells
Info: Quartus II Analysis & Synthesis was successful. 0 errors, 0 warnings
    Info: Peak virtual memory: 220 megabytes
    Info: Processing ended: Thu Oct 10 20:32:13 2024
    Info: Elapsed time: 00:00:01
    Info: Total CPU time (on all processors): 00:00:00


